<?xml version="1.0" encoding="UTF-8"?>
<testsuite xmlns:xsi="http://www.w3.org/2001/XMLSchema-instance" xsi:noNamespaceSchemaLocation="https://maven.apache.org/surefire/maven-surefire-plugin/xsd/surefire-test-report.xsd" version="3.0.2" name="com.example.ctrolpet.CtrolPetApplicationTests" time="3.018" tests="1" errors="0" skipped="0" failures="0" flakes="0">
  <properties>
[...]
</properties>
  <testcase name="contextLoads" classname="com.example.ctrolpet.CtrolPetApplicationTests" time="0.743">
    <system-out><![CDATA[20:30:48.751 [main] INFO org.springframework.test.context.support.AnnotationConfigContextLoaderUtils -- Could not detect default configuration classes for test class [com.example.ctrolpet.CtrolPetApplicationTests]: CtrolPetApplicationTests does not declare any static, non-private, non-final, nested classes annotated with @Configuration.
20:30:48.884 [main] INFO org.springframework.boot.test.context.SpringBootTestContextBootstrapper -- Found @SpringBootConfiguration com.example.ctrolpet.CtrolPetApplication for test class com.example.ctrolpet.CtrolPetApplicationTests
20:30:48.991 [main] INFO org.springframework.test.context.support.AnnotationConfigContextLoaderUtils -- Could not detect default configuration classes for test class [com.example.ctrolpet.CtrolPetApplicationTests]: CtrolPetApplicationTests does not declare any static, non-private, non-final, nested classes annotated with @Configuration.
20:30:48.993 [main] INFO org.springframework.boot.test.context.SpringBootTestContextBootstrapper -- Found @SpringBootConfiguration com.example.ctrolpet.CtrolPetApplication for test class com.example.ctrolpet.CtrolPetApplicationTests

  .   ____          _            __ _ _
 /\\ / ___'_ __ _ _(_)_ __  __ _ \ \ \ \
( ( )\___ | '_ | '_| | '_ \/ _` | \ \ \ \
 \\/  ___)| |_)| | | | | || (_| |  ) ) ) )
  '  |____| .__|_| |_|_| |_\__, | / / / /
 =========|_|==============|___/=/_/_/_/

 :: Spring Boot ::                (v4.1.0)

2026-06-16T20:30:49.374-07:00  INFO 10460 --- [CtrolPET] [           main] c.e.ctrolpet.CtrolPetApplicationTests    : Starting CtrolPetApplicationTests using Java 23.0.2 with PID 10460 (started by jesus in C:\Users\jesus\OneDrive\Documentos\GitHub\CtrolPET\CtrolPET)
2026-06-16T20:30:49.376-07:00  INFO 10460 --- [CtrolPET] [           main] c.e.ctrolpet.CtrolPetApplicationTests    : No active profile set, falling back to 1 default profile: "default"
2026-06-16T20:30:50.468-07:00  WARN 10460 --- [CtrolPET] [           main] .s.a.UserDetailsServiceAutoConfiguration : 

Using generated security password: fd4eb880-3dbe-4c75-a8f7-98d4aff1d2c0

This generated password is for development use only. Your security configuration must be updated before running your application in production.

2026-06-16T20:30:50.516-07:00  INFO 10460 --- [CtrolPET] [           main] r$InitializeUserDetailsManagerConfigurer : Global AuthenticationManager configured with UserDetailsService bean with name inMemoryUserDetailsManager
2026-06-16T20:30:50.760-07:00  INFO 10460 --- [CtrolPET] [           main] c.e.ctrolpet.CtrolPetApplicationTests    : Started CtrolPetApplicationTests in 1.705 seconds (process running for 2.981)
]]></system-out>
    <system-err><![CDATA[Mockito is currently self-attaching to enable the inline-mock-maker. This will no longer work in future releases of the JDK. Please add Mockito as an agent to your build as described in Mockito's documentation: https://javadoc.io/doc/org.mockito/mockito-core/latest/org.mockito/org/mockito/Mockito.html#0.3
WARNING: A Java agent has been loaded dynamically (C:\Users\jesus\.m2\repository\net\bytebuddy\byte-buddy-agent\1.18.10\byte-buddy-agent-1.18.10.jar)
WARNING: If a serviceability tool is in use, please run with -XX:+EnableDynamicAgentLoading to hide this warning
WARNING: If a serviceability tool is not in use, please run with -Djdk.instrument.traceUsage for more information
WARNING: Dynamic loading of agents will be disallowed by default in a future release
]]></system-err>
  </testcase>
</testsuite>